<?xml version="1.0" encoding="UTF-8"?>
<testsuite name="braclays-new Login Page Test"
           tests="3"
           failures="1"
           errors="0"
           skipped="2"
           time="0.113">
  <properties />
            <testcase name="openBrowser" time="0.113" classname="uk.co.braclays.testsuite.LoginTest">
                <failure type="java.lang.IllegalStateException"
                  message="The driver executable does not exist: C:\Users\shrad\IdeaProjects\braclays-new\drivers\chromedriver.exe"
              >
<![CDATA[java.lang.IllegalStateException: The driver executable does not exist: C:\Users\shrad\IdeaProjects\braclays-new\drivers\chromedriver.exe
  com.google.common.base.Preconditions.checkState(Preconditions.java:585)
  org.openqa.selenium.remote.service.DriverService.checkExecutable(DriverService.java:146)
  org.openqa.selenium.remote.service.DriverService.findExecutable(DriverService.java:141)
  org.openqa.selenium.chrome.ChromeDriverService.access$000(ChromeDriverService.java:35)
  org.openqa.selenium.chrome.ChromeDriverService$Builder.findDefaultExecutable(ChromeDriverService.java:159)
  org.openqa.selenium.remote.service.DriverService$Builder.build(DriverService.java:355)
  org.openqa.selenium.chrome.ChromeDriverService.createDefaultService(ChromeDriverService.java:94)
  org.openqa.selenium.chrome.ChromeDriver.<init>(ChromeDriver.java:123)
  uk.co.braclays.browserSelector.BrowserSelector.selectBrowser(BrowserSelector.java:16)
  uk.co.braclays.testbase.TestBase.openBrowser(TestBase.java:28)
  sun.reflect.NativeMethodAccessorImpl.invoke0(Native Method)
  sun.reflect.NativeMethodAccessorImpl.invoke(NativeMethodAccessorImpl.java:62)
  sun.reflect.DelegatingMethodAccessorImpl.invoke(DelegatingMethodAccessorImpl.java:43)
  java.lang.reflect.Method.invoke(Method.java:498)
  org.testng.internal.MethodInvocationHelper.invokeMethod(MethodInvocationHelper.java:124)
  org.testng.internal.MethodInvocationHelper.invokeMethodConsideringTimeout(MethodInvocationHelper.java:59)
  org.testng.internal.Invoker.invokeConfigurationMethod(Invoker.java:458)
  org.testng.internal.Invoker.invokeConfigurations(Invoker.java:222)
  org.testng.internal.Invoker.invokeMethod(Invoker.java:523)
  org.testng.internal.Invoker.invokeTestMethod(Invoker.java:719)
  org.testng.internal.Invoker.invokeTestMethods(Invoker.java:989)
  org.testng.internal.TestMethodWorker.invokeTestMethods(TestMethodWorker.java:125)
  org.testng.internal.TestMethodWorker.run(TestMethodWorker.java:109)
  org.testng.TestRunner.privateRun(TestRunner.java:648)
  org.testng.TestRunner.run(TestRunner.java:505)
  org.testng.SuiteRunner.runTest(SuiteRunner.java:455)
  org.testng.SuiteRunner.runSequentially(SuiteRunner.java:450)
  org.testng.SuiteRunner.privateRun(SuiteRunner.java:415)
  org.testng.SuiteRunner.run(SuiteRunner.java:364)
  org.testng.SuiteRunnerWorker.runSuite(SuiteRunnerWorker.java:52)
  org.testng.SuiteRunnerWorker.run(SuiteRunnerWorker.java:84)
  org.testng.TestNG.runSuitesSequentially(TestNG.java:1208)
  org.testng.TestNG.runSuitesLocally(TestNG.java:1137)
  org.testng.TestNG.runSuites(TestNG.java:1049)
  org.testng.TestNG.run(TestNG.java:1017)
  com.intellij.rt.testng.IDEARemoteTestNG.run(IDEARemoteTestNG.java:66)
  com.intellij.rt.testng.RemoteTestNGStarter.main(RemoteTestNGStarter.java:110)
]]>
      </failure>

          </testcase>
  
            <testcase name="tearDown" time="0.0" classname="uk.co.braclays.testsuite.LoginTest">
          <skipped />
    </testcase>
            <testcase name="verifyUserShouldNavigateToLoginFeature" time="0.0" classname="uk.co.braclays.testsuite.LoginTest">
          <skipped />
    </testcase>
  
  
</testsuite>
